Using pre-set license
Built from '2021.3/staging' branch; Version is '2021.3.4f1 (cb45f9cae8b7) revision 13321721'; Using compiler version '192829333'; Build Type 'Release'
OS: 'Windows 10  (10.0.18363) 64bit Professional' Language: 'en' Physical Memory: 8032 MB
BatchMode: 1, IsHumanControllingUs: 0, StartBugReporterOnCrash: 0, Is64bit: 1, IsPro: 1

COMMAND LINE ARGUMENTS:
C:\Program Files\Unity 2021.3.4f1\Editor\Unity.exe
-adb2
-batchMode
-noUpm
-name
AssetImportWorker0
-projectPath
F:/Unity/KHATAK oiiii
-logFile
Logs/AssetImportWorker0.log
-srvPort
50346
Successfully changed project path to: F:/Unity/KHATAK oiiii
F:/Unity/KHATAK oiiii
[UnityMemory] Configuration Parameters - Can be set up in boot.config
    "memorysetup-bucket-allocator-granularity=16"
    "memorysetup-bucket-allocator-bucket-count=8"
    "memorysetup-bucket-allocator-block-size=33554432"
    "memorysetup-bucket-allocator-block-count=8"
    "memorysetup-main-allocator-block-size=16777216"
    "memorysetup-thread-allocator-block-size=16777216"
    "memorysetup-gfx-main-allocator-block-size=16777216"
    "memorysetup-gfx-thread-allocator-block-size=16777216"
    "memorysetup-cache-allocator-block-size=4194304"
    "memorysetup-typetree-allocator-block-size=2097152"
    "memorysetup-profiler-bucket-allocator-granularity=16"
    "memorysetup-profiler-bucket-allocator-bucket-count=8"
    "memorysetup-profiler-bucket-allocator-block-size=33554432"
    "memorysetup-profiler-bucket-allocator-block-count=8"
    "memorysetup-profiler-allocator-block-size=16777216"
    "memorysetup-profiler-editor-allocator-block-size=1048576"
    "memorysetup-temp-allocator-size-main=16777216"
    "memorysetup-job-temp-allocator-block-size=2097152"
    "memorysetup-job-temp-allocator-block-size-background=1048576"
    "memorysetup-job-temp-allocator-reduction-small-platforms=262144"
    "memorysetup-temp-allocator-size-background-worker=32768"
    "memorysetup-temp-allocator-size-job-worker=262144"
    "memorysetup-temp-allocator-size-preload-manager=33554432"
    "memorysetup-temp-allocator-size-nav-mesh-worker=65536"
    "memorysetup-temp-allocator-size-audio-worker=65536"
    "memorysetup-temp-allocator-size-cloud-worker=32768"
    "memorysetup-temp-allocator-size-gi-baking-worker=262144"
    "memorysetup-temp-allocator-size-gfx=262144"
Refreshing native plugins compatible for Editor in 259.02 ms, found 4 plugins.
Preloading 0 native plugins for Editor in 0.00 ms.
Initialize engine version: 2021.3.4f1 (cb45f9cae8b7)
[Subsystems] Discovering subsystems at path C:/Program Files/Unity 2021.3.4f1/Editor/Data/Resources/UnitySubsystems
[Subsystems] Discovering subsystems at path F:/Unity/KHATAK oiiii/Assets
GfxDevice: creating device client; threaded=0; jobified=0
Direct3D:
    Version:  Direct3D 11.0 [level 11.0]
    Renderer: NVIDIA GeForce GT 540M (ID=0xdf4)
    Vendor:   NVIDIA
    VRAM:     1974 MB
    Driver:   23.21.13.9135
Initialize mono
Mono path[0] = 'C:/Program Files/Unity 2021.3.4f1/Editor/Data/Managed'
Mono path[1] = 'C:/Program Files/Unity 2021.3.4f1/Editor/Data/MonoBleedingEdge/lib/mono/unityjit-win32'
Mono config path = 'C:/Program Files/Unity 2021.3.4f1/Editor/Data/MonoBleedingEdge/etc'
Using monoOptions --debugger-agent=transport=dt_socket,embedding=1,server=y,suspend=n,address=127.0.0.1:56264
Begin MonoManager ReloadAssembly
Registering precompiled unity dll's ...
Register platform support module: C:/Program Files/Unity 2021.3.4f1/Editor/Data/PlaybackEngines/AndroidPlayer/UnityEditor.Android.Extensions.dll
Register platform support module: C:/Program Files/Unity 2021.3.4f1/Editor/Data/PlaybackEngines/WindowsStandaloneSupport/UnityEditor.WindowsStandalone.Extensions.dll
Registered in 0.010326 seconds.
Native extension for WindowsStandalone target not found
Native extension for Android target not found
Refreshing native plugins compatible for Editor in 229.89 ms, found 4 plugins.
Preloading 0 native plugins for Editor in 0.00 ms.
Mono: successfully reloaded assembly
- Completed reload, in  1.563 seconds
Domain Reload Profiling:
	ReloadAssembly (1564ms)
		BeginReloadAssembly (175ms)
			ExecutionOrderSort (0ms)
			DisableScriptedObjects (0ms)
			BackupInstance (0ms)
			ReleaseScriptingObjects (0ms)
			CreateAndSetChildDomain (2ms)
		EndReloadAssembly (1110ms)
			LoadAssemblies (171ms)
			RebuildTransferFunctionScriptingTraits (0ms)
			SetupTypeCache (267ms)
			ReleaseScriptCaches (0ms)
			RebuildScriptCaches (73ms)
			SetupLoadedEditorAssemblies (656ms)
				LogAssemblyErrors (0ms)
				InitializePlatformSupportModulesInManaged (96ms)
				SetLoadedEditorAssemblies (0ms)
				RefreshPlugins (230ms)
				BeforeProcessingInitializeOnLoad (3ms)
				ProcessInitializeOnLoadAttributes (222ms)
				ProcessInitializeOnLoadMethodAttributes (104ms)
				AfterProcessingInitializeOnLoad (0ms)
				EditorAssembliesLoaded (0ms)
			ExecutionOrderSort2 (0ms)
			AwakeInstancesAfterBackupRestoration (0ms)
Platform modules already initialized, skipping
Registering precompiled user dll's ...
Registered in 0.028195 seconds.
Begin MonoManager ReloadAssembly
Symbol file LoadedFromMemory doesn't match image F:\Unity\KHATAK oiiii\Library\PackageCache\com.unity.visualscripting@1.7.8\Editor\VisualScripting.Core\Dependencies\YamlDotNet\Unity.VisualScripting.YamlDotNet.dll
Symbol file LoadedFromMemory doesn't match image F:\Unity\KHATAK oiiii\Library\PackageCache\com.unity.visualscripting@1.7.8\Editor\VisualScripting.Core\Dependencies\DotNetZip\Unity.VisualScripting.IonicZip.dll
Native extension for WindowsStandalone target not found
Native extension for Android target not found
Refreshing native plugins compatible for Editor in 242.37 ms, found 4 plugins.
Preloading 0 native plugins for Editor in 0.00 ms.
Mono: successfully reloaded assembly
- Completed reload, in  2.840 seconds
Domain Reload Profiling:
	ReloadAssembly (2842ms)
		BeginReloadAssembly (352ms)
			ExecutionOrderSort (0ms)
			DisableScriptedObjects (19ms)
			BackupInstance (0ms)
			ReleaseScriptingObjects (0ms)
			CreateAndSetChildDomain (46ms)
		EndReloadAssembly (2223ms)
			LoadAssemblies (257ms)
			RebuildTransferFunctionScriptingTraits (0ms)
			SetupTypeCache (586ms)
			ReleaseScriptCaches (2ms)
			RebuildScriptCaches (165ms)
			SetupLoadedEditorAssemblies (1169ms)
				LogAssemblyErrors (0ms)
				InitializePlatformSupportModulesInManaged (28ms)
				SetLoadedEditorAssemblies (0ms)
				RefreshPlugins (243ms)
				BeforeProcessingInitializeOnLoad (230ms)
				ProcessInitializeOnLoadAttributes (560ms)
				ProcessInitializeOnLoadMethodAttributes (91ms)
				AfterProcessingInitializeOnLoad (16ms)
				EditorAssembliesLoaded (0ms)
			ExecutionOrderSort2 (0ms)
			AwakeInstancesAfterBackupRestoration (14ms)
Platform modules already initialized, skipping
========================================================================
Worker process is ready to serve import requests
Launched and connected shader compiler UnityShaderCompiler.exe after 0.19 seconds
Refreshing native plugins compatible for Editor in 1.60 ms, found 4 plugins.
Preloading 0 native plugins for Editor in 0.00 ms.
Unloading 4169 Unused Serialized files (Serialized files now loaded: 0)
Unloading 44 unused Assets / (222.6 KB). Loaded Objects now: 4621.
Memory consumption went from 155.9 MB to 155.6 MB.
Total: 15.029700 ms (FindLiveObjects: 0.989800 ms CreateObjectMapping: 0.688300 ms MarkObjects: 12.730400 ms  DeleteObjects: 0.615000 ms)

AssetImportParameters requested are different than current active one (requested -> active):
  custom:video-decoder-ogg-theora: a1e56fd34408186e4bbccfd4996cb3dc -> 
  custom:container-muxer-webm: aa71ff27fc2769a1b78a27578f13a17b -> 
  custom:container-demuxer-webm: 4f35f7cbe854078d1ac9338744f61a02 -> 
  custom:video-encoder-webm-vp8: eb34c28f22e8b96e1ab97ce403110664 -> 
  custom:audio-encoder-webm-vorbis: bf7c407c2cedff20999df2af8eb42d56 -> 
  custom:framework-win-MediaFoundation: 216162199b28c13a410421893ffa2e32 -> 
  custom:container-demuxer-ogg: 62fdf1f143b41e24485cea50d1cbac27 -> 
  custom:video-decoder-webm-vp8: 9c59270c3fd7afecdb556c50c9e8de78 -> 
  custom:audio-decoder-ogg-vorbis: bf7c407c2cedff20999df2af8eb42d56 -> 
========================================================================
Received Import Request.
  Time since last request: 6919.920085 seconds.
  path: Assets/Plugins/SimpleInput/Sprites/FlatDark/flatDark06.png
  artifactKey: Guid(ec82f38f33c98ad4e9b63e173baec013) Importer(815301076,1909f56bfc062723c751e8b465ee728b)
Start importing Assets/Plugins/SimpleInput/Sprites/FlatDark/flatDark06.png using Guid(ec82f38f33c98ad4e9b63e173baec013) Importer(815301076,1909f56bfc062723c751e8b465ee728b)  -> (artifact id: '49d517fd012b8f727087cf3a83dd2e46') in 2.090517 seconds 
========================================================================
Received Import Request.
  Time since last request: 0.000060 seconds.
  path: Assets/Plugins/SimpleInput/Sprites/ShadedDark/DpadOnePiece/shadedDark04.png
  artifactKey: Guid(a7b49600f61b7674380e5aaec149d07d) Importer(815301076,1909f56bfc062723c751e8b465ee728b)
Start importing Assets/Plugins/SimpleInput/Sprites/ShadedDark/DpadOnePiece/shadedDark04.png using Guid(a7b49600f61b7674380e5aaec149d07d) Importer(815301076,1909f56bfc062723c751e8b465ee728b)  -> (artifact id: 'cb9a7931950e4c542c815ce16f13e62a') in 0.155696 seconds 
========================================================================
Received Import Request.
  Time since last request: 0.000052 seconds.
  path: Assets/Plugins/SimpleInput/Sprites/OtherSprites/SteeringWheel.png
  artifactKey: Guid(381b429e58f0f984a827788e78839b0f) Importer(815301076,1909f56bfc062723c751e8b465ee728b)
Start importing Assets/Plugins/SimpleInput/Sprites/OtherSprites/SteeringWheel.png using Guid(381b429e58f0f984a827788e78839b0f) Importer(815301076,1909f56bfc062723c751e8b465ee728b)  -> (artifact id: 'ea51cc51df94cd53a3eff851ebdbd8c0') in 0.225040 seconds 
========================================================================
Received Import Request.
  Time since last request: 0.000049 seconds.
  path: Assets/Asset A/Character/health bar 1.png
  artifactKey: Guid(4d8dcb11c95937a47913bd91cbfc42b6) Importer(815301076,1909f56bfc062723c751e8b465ee728b)
Start importing Assets/Asset A/Character/health bar 1.png using Guid(4d8dcb11c95937a47913bd91cbfc42b6) Importer(815301076,1909f56bfc062723c751e8b465ee728b)  -> (artifact id: '69f41b80b6b194673157d975c484d1df') in 0.057391 seconds 
========================================================================
Received Import Request.
  Time since last request: 0.000048 seconds.
  path: Assets/Asli/Tileset/Home/rug.png
  artifactKey: Guid(f3f5878b3e7debb47ae1f2e5240d0ed3) Importer(815301076,1909f56bfc062723c751e8b465ee728b)
Start importing Assets/Asli/Tileset/Home/rug.png using Guid(f3f5878b3e7debb47ae1f2e5240d0ed3) Importer(815301076,1909f56bfc062723c751e8b465ee728b)  -> (artifact id: '850850bffcd6b5ce139dba3cc72f1fde') in 0.135797 seconds 
========================================================================
Received Import Request.
  Time since last request: 0.000038 seconds.
  path: Assets/Plugins/SimpleInput/Sprites/ShadedLight/DpadMultiplePieces/shadedLight10.png
  artifactKey: Guid(3166043dec3cd5d48ab026a0a162a03d) Importer(815301076,1909f56bfc062723c751e8b465ee728b)
Start importing Assets/Plugins/SimpleInput/Sprites/ShadedLight/DpadMultiplePieces/shadedLight10.png using Guid(3166043dec3cd5d48ab026a0a162a03d) Importer(815301076,1909f56bfc062723c751e8b465ee728b)  -> (artifact id: 'a5b2a13e633c94aa2ae700fb49d40e3a') in 0.112042 seconds 
========================================================================
Received Import Request.
  Time since last request: 0.000041 seconds.
  path: Assets/Plugins/SimpleInput/Sprites/ShadedLight/DpadMultiplePieces/shadedLight03.png
  artifactKey: Guid(d034e08b2788726409842f1003c1336b) Importer(815301076,1909f56bfc062723c751e8b465ee728b)
Start importing Assets/Plugins/SimpleInput/Sprites/ShadedLight/DpadMultiplePieces/shadedLight03.png using Guid(d034e08b2788726409842f1003c1336b) Importer(815301076,1909f56bfc062723c751e8b465ee728b)  -> (artifact id: 'd02c8eea8a6acb5dd81c9ee6307a70f4') in 0.100088 seconds 
========================================================================
Received Import Request.
  Time since last request: 0.000101 seconds.
  path: Assets/Asli/Tileset/Cave/C Spikes.png
  artifactKey: Guid(5d7ea5dbfd83d8b49acda65f496918f1) Importer(815301076,1909f56bfc062723c751e8b465ee728b)
Start importing Assets/Asli/Tileset/Cave/C Spikes.png using Guid(5d7ea5dbfd83d8b49acda65f496918f1) Importer(815301076,1909f56bfc062723c751e8b465ee728b)  -> (artifact id: '15f110fcc4a19e3cff7a2ca74acc0936') in 0.350244 seconds 
========================================================================
Received Import Request.
  Time since last request: 0.000041 seconds.
  path: Assets/Plugins/SimpleInput/Sprites/FlatLight/Arrows/flatLight23.png
  artifactKey: Guid(0d4427e968e720644b7c4a42a70c0854) Importer(815301076,1909f56bfc062723c751e8b465ee728b)
Start importing Assets/Plugins/SimpleInput/Sprites/FlatLight/Arrows/flatLight23.png using Guid(0d4427e968e720644b7c4a42a70c0854) Importer(815301076,1909f56bfc062723c751e8b465ee728b)  -> (artifact id: 'acbf6c75bea04410f0d85280185be0d8') in 0.215525 seconds 
========================================================================
Received Import Request.
  Time since last request: 0.000051 seconds.
  path: Assets/Plugins/SimpleInput/Sprites/ShadedDark/Arrows/shadedDark25.png
  artifactKey: Guid(53e917ccdf9fe484386a922fc2c12718) Importer(815301076,1909f56bfc062723c751e8b465ee728b)
Start importing Assets/Plugins/SimpleInput/Sprites/ShadedDark/Arrows/shadedDark25.png using Guid(53e917ccdf9fe484386a922fc2c12718) Importer(815301076,1909f56bfc062723c751e8b465ee728b)  -> (artifact id: '0a70390c69930de2111952652c5e716b') in 0.081157 seconds 
========================================================================
Received Import Request.
  Time since last request: 0.000037 seconds.
  path: Assets/Asli/Character/Main Character/Die/Player_idle (4).png
  artifactKey: Guid(4cea5cdc6a2bce24d97042c83073232f) Importer(815301076,1909f56bfc062723c751e8b465ee728b)
Start importing Assets/Asli/Character/Main Character/Die/Player_idle (4).png using Guid(4cea5cdc6a2bce24d97042c83073232f) Importer(815301076,1909f56bfc062723c751e8b465ee728b)  -> (artifact id: '7be7247dfedc43a7d57b2b0cb04f2faa') in 0.135968 seconds 
========================================================================
Received Import Request.
  Time since last request: 0.000043 seconds.
  path: Assets/Plugins/SimpleInput/Sprites/TransparentDark/Arrows/transparentDark24.png
  artifactKey: Guid(f57649fe1a2603a479aa18b473201768) Importer(815301076,1909f56bfc062723c751e8b465ee728b)
Start importing Assets/Plugins/SimpleInput/Sprites/TransparentDark/Arrows/transparentDark24.png using Guid(f57649fe1a2603a479aa18b473201768) Importer(815301076,1909f56bfc062723c751e8b465ee728b)  -> (artifact id: 'a9e5e89ef41fa30ad19573391b798bde') in 0.083235 seconds 
========================================================================
Received Import Request.
  Time since last request: 0.000061 seconds.
  path: Assets/Asset A/Standard Assets/CrossPlatformInput/Sprites/ButtonTimescaleSlowUpSprite.png
  artifactKey: Guid(9d7c6e4896067aa4fa512a00f692ac1c) Importer(815301076,1909f56bfc062723c751e8b465ee728b)
Start importing Assets/Asset A/Standard Assets/CrossPlatformInput/Sprites/ButtonTimescaleSlowUpSprite.png using Guid(9d7c6e4896067aa4fa512a00f692ac1c) Importer(815301076,1909f56bfc062723c751e8b465ee728b)  -> (artifact id: 'acee2d3479298438a9cab2f630565322') in 0.161329 seconds 
========================================================================
Received Import Request.
  Time since last request: 0.000039 seconds.
  path: Assets/Asli/Character/Main Character/Attack/Player_idle (3).png
  artifactKey: Guid(a1f07c7792318ac4abe8b84b404118f4) Importer(815301076,1909f56bfc062723c751e8b465ee728b)
Start importing Assets/Asli/Character/Main Character/Attack/Player_idle (3).png using Guid(a1f07c7792318ac4abe8b84b404118f4) Importer(815301076,1909f56bfc062723c751e8b465ee728b)  -> (artifact id: 'aad3261ecf1b8f784da876ad223c0e94') in 0.144005 seconds 
========================================================================
Received Import Request.
  Time since last request: 0.000054 seconds.
  path: Assets/Asset A/Standard Assets/CrossPlatformInput/Sprites/SliderBackgroundSprite.png
  artifactKey: Guid(ea5873cfd9158664f89459f0c9e1d853) Importer(815301076,1909f56bfc062723c751e8b465ee728b)
Start importing Assets/Asset A/Standard Assets/CrossPlatformInput/Sprites/SliderBackgroundSprite.png using Guid(ea5873cfd9158664f89459f0c9e1d853) Importer(815301076,1909f56bfc062723c751e8b465ee728b)  -> (artifact id: '8d3fe22765e3c53b8331609ab45dddc1') in 0.111299 seconds 
========================================================================
Received Import Request.
  Time since last request: 0.000053 seconds.
  path: Assets/Asli/Tileset/Home/umbrella.png
  artifactKey: Guid(e7ea897a27cbe574bb4b631a30772292) Importer(815301076,1909f56bfc062723c751e8b465ee728b)
Start importing Assets/Asli/Tileset/Home/umbrella.png using Guid(e7ea897a27cbe574bb4b631a30772292) Importer(815301076,1909f56bfc062723c751e8b465ee728b)  -> (artifact id: 'ddbc51b170e21d076b4baa6c9fcc5fd4') in 0.192052 seconds 
========================================================================
Received Import Request.
  Time since last request: 0.000039 seconds.
  path: Assets/Asli/Tileset/Home/chair.png
  artifactKey: Guid(f3cb2e0423aaa5e47816e615f9d19052) Importer(815301076,1909f56bfc062723c751e8b465ee728b)
Start importing Assets/Asli/Tileset/Home/chair.png using Guid(f3cb2e0423aaa5e47816e615f9d19052) Importer(815301076,1909f56bfc062723c751e8b465ee728b)  -> (artifact id: 'd03791ec1f59ac67af9281024c0a234c') in 0.107051 seconds 
========================================================================
Received Import Request.
  Time since last request: 0.000060 seconds.
  path: Assets/Plugins/SimpleInput/Sprites/ShadedDark/Buttons/shadedDark36.png
  artifactKey: Guid(51a39369d386ca84aaad1d4625465c03) Importer(815301076,1909f56bfc062723c751e8b465ee728b)
Start importing Assets/Plugins/SimpleInput/Sprites/ShadedDark/Buttons/shadedDark36.png using Guid(51a39369d386ca84aaad1d4625465c03) Importer(815301076,1909f56bfc062723c751e8b465ee728b)  -> (artifact id: 'ef7230bf07f52a7ec8b70fa51eb20e6e') in 0.089105 seconds 
Editor requested this worker to shutdown with reason: Scaling down because of idle timeout
AssetImportWorker is now disconnected from the server
Process exiting
Exiting without the bug reporter. Application will terminate with return code 0